app/build/outputs/logs/manifest-merger-debug-report.txt
-- Merging decision tree log ---
manifest
ADDED from src\main\AndroidManifest.xml:2:1-50:12
	package
		ADDED from src\main\AndroidManifest.xml:3:5-31
		INJECTED from src\main\AndroidManifest.xml
		INJECTED from src\main\AndroidManifest.xml
	android:versionName
		ADDED from src\main\AndroidManifest.xml:5:5-30
		INJECTED from src\main\AndroidManifest.xml
		INJECTED from src\main\AndroidManifest.xml
	android:versionCode
		ADDED from src\main\AndroidManifest.xml:4:5-28
		INJECTED from src\main\AndroidManifest.xml
		INJECTED from src\main\AndroidManifest.xml
	xmlns:android
		ADDED from src\main\AndroidManifest.xml:2:11-69
uses-sdk
ADDED from src\main\AndroidManifest.xml:7:5-43
	android:targetSdkVersion
		INJECTED from src\main\AndroidManifest.xml
		INJECTED from src\main\AndroidManifest.xml
	android:minSdkVersion
		ADDED from src\main\AndroidManifest.xml:7:15-40
		INJECTED from src\main\AndroidManifest.xml
		INJECTED from src\main\AndroidManifest.xml
application
ADDED from src\main\AndroidManifest.xml:9:5-48:19
	android:label
		ADDED from src\main\AndroidManifest.xml:11:9-41
	android:icon
		ADDED from src\main\AndroidManifest.xml:10:9-45
activity#tawhidz13.dxball.DxBallActivity
ADDED from src\main\AndroidManifest.xml:12:9-20:20
	android:label
		ADDED from src\main\AndroidManifest.xml:14:13-45
	android:name
		ADDED from src\main\AndroidManifest.xml:13:13-43
intent-filter#android.intent.action.MAIN+android.intent.category.LAUNCHER
ADDED from src\main\AndroidManifest.xml:15:13-19:29
action#android.intent.action.MAIN
ADDED from src\main\AndroidManifest.xml:16:17-69
	android:name
		ADDED from src\main\AndroidManifest.xml:16:25-66
category#android.intent.category.LAUNCHER
ADDED from src\main\AndroidManifest.xml:18:17-77
	android:name
		ADDED from src\main\AndroidManifest.xml:18:27-74
activity#tawhidz13.dxball.Start
ADDED from src\main\AndroidManifest.xml:22:9-29:14
	android:label
		ADDED from src\main\AndroidManifest.xml:24:4-36
	android:name
		ADDED from src\main\AndroidManifest.xml:23:4-25
intent-filter#android.intent.action.VIEW+android.intent.category.DEFAULT
ADDED from src\main\AndroidManifest.xml:25:4-28:20
action#android.intent.action.VIEW
ADDED from src\main\AndroidManifest.xml:26:4-55
	android:name
		ADDED from src\main\AndroidManifest.xml:26:12-53
category#android.intent.category.DEFAULT
ADDED from src\main\AndroidManifest.xml:27:4-62
	android:name
		ADDED from src\main\AndroidManifest.xml:27:14-60
activity#tawhidz13.dxball.GameOver
ADDED from src\main\AndroidManifest.xml:31:9-38:14
	android:label
		ADDED from src\main\AndroidManifest.xml:33:4-36
	android:name
		ADDED from src\main\AndroidManifest.xml:32:4-28
activity#tawhidz13.dxball.NextLevel
ADDED from src\main\AndroidManifest.xml:40:9-47:14
	android:label
		ADDED from src\main\AndroidManifest.xml:42:4-36
	android:name
		ADDED from src\main\AndroidManifest.xml:41:4-29